<?xml version="1.0" encoding="UTF-8"?>
<!-- Generated by org.testng.reporters.JUnitXMLReporter -->
<testsuite hostname="DESKTOP-4ACC9C3" name="IETest" tests="3" failures="0" timestamp="7 Jun 2018 03:23:12 GMT" time="0.207" errors="0">
  <testcase name="@BeforeTest verify_launch" time="0.0" classname="com.keximbanking.custlogin.TestExecution">
    <failure type="org.testng.TestNGException" message="
Method verify_launch requires 1 parameters but 0 were supplied in the @Configuration annotation.">
      <![CDATA[org.testng.TestNGException: 
Method verify_launch requires 1 parameters but 0 were supplied in the @Configuration annotation.
	at java.util.concurrent.FutureTask.run(Unknown Source)
	at java.util.concurrent.ThreadPoolExecutor.runWorker(Unknown Source)
	at java.util.concurrent.ThreadPoolExecutor$Worker.run(Unknown Source)
	at java.lang.Thread.run(Unknown Source)
... Removed 12 stack frames]]>
    </failure>
  </testcase> <!-- @BeforeTest verify_launch -->
  <testcase name="@BeforeTest verify_launch" time="0.0" classname="com.keximbanking.custlogin.TestExecution">
    <failure type="org.testng.TestNGException" message="
Method verify_launch requires 1 parameters but 0 were supplied in the @Configuration annotation.">
      <![CDATA[org.testng.TestNGException: 
Method verify_launch requires 1 parameters but 0 were supplied in the @Configuration annotation.
	at java.util.concurrent.FutureTask.run(Unknown Source)
	at java.util.concurrent.ThreadPoolExecutor.runWorker(Unknown Source)
	at java.util.concurrent.ThreadPoolExecutor$Worker.run(Unknown Source)
	at java.lang.Thread.run(Unknown Source)
... Removed 12 stack frames]]>
    </failure>
  </testcase> <!-- @BeforeTest verify_launch -->
  <testcase name="verify_login" time="0.012" classname="com.keximbanking.custlogin.TestExecution">
    <skipped/>
  </testcase> <!-- verify_login -->
  <testcase name="verify_login" time="0.012" classname="com.keximbanking.custlogin.TestExecution">
    <skipped/>
  </testcase> <!-- verify_login -->
  <testcase name="verify_login" time="0.034" classname="com.keximbanking.custlogin.TestExecution">
    <skipped/>
  </testcase> <!-- verify_login -->
</testsuite> <!-- IETest -->
